<?xml version="1.0" encoding="UTF-8"?>
<coverage generated="1698589411329" clover="3.2.0">
  <project timestamp="1698589411329" name="All files">
    <metrics statements="78" coveredstatements="45" conditionals="34" coveredconditionals="14" methods="12" coveredmethods="10" elements="124" coveredelements="69" complexity="0" loc="78" ncloc="78" packages="1" files="1" classes="1"/>
    <file name="binary-calculator.js" path="/Users/moreira/lab/binary-calculator/js/binary-calculator.js">
      <metrics statements="78" coveredstatements="45" conditionals="34" coveredconditionals="14" methods="12" coveredmethods="10"/>
      <line num="2" count="4" type="stmt"/>
      <line num="5" count="4" type="stmt"/>
      <line num="15" count="4" type="stmt"/>
      <line num="21" count="4" type="stmt"/>
      <line num="41" count="2" type="stmt"/>
      <line num="43" count="2" type="stmt"/>
      <line num="45" count="2" type="stmt"/>
      <line num="48" count="4" type="stmt"/>
      <line num="57" count="4" type="stmt"/>
      <line num="59" count="4" type="stmt"/>
      <line num="61" count="4" type="stmt"/>
      <line num="64" count="4" type="stmt"/>
      <line num="73" count="4" type="stmt"/>
      <line num="75" count="4" type="stmt"/>
      <line num="77" count="4" type="stmt"/>
      <line num="80" count="4" type="stmt"/>
      <line num="83" count="4" type="stmt"/>
      <line num="84" count="0" type="stmt"/>
      <line num="85" count="0" type="cond" truecount="0" falsecount="9"/>
      <line num="87" count="0" type="stmt"/>
      <line num="88" count="0" type="stmt"/>
      <line num="91" count="0" type="stmt"/>
      <line num="92" count="0" type="stmt"/>
      <line num="94" count="0" type="stmt"/>
      <line num="96" count="0" type="stmt"/>
      <line num="102" count="0" type="stmt"/>
      <line num="103" count="0" type="stmt"/>
      <line num="104" count="0" type="stmt"/>
      <line num="105" count="0" type="stmt"/>
      <line num="111" count="0" type="stmt"/>
      <line num="112" count="0" type="stmt"/>
      <line num="114" count="0" type="stmt"/>
      <line num="116" count="0" type="stmt"/>
      <line num="132" count="23" type="stmt"/>
      <line num="135" count="23" type="cond" truecount="4" falsecount="1"/>
      <line num="137" count="3" type="stmt"/>
      <line num="138" count="3" type="stmt"/>
      <line num="140" count="1" type="stmt"/>
      <line num="141" count="1" type="stmt"/>
      <line num="143" count="16" type="stmt"/>
      <line num="144" count="16" type="stmt"/>
      <line num="146" count="3" type="cond" truecount="2" falsecount="0"/>
      <line num="147" count="2" type="stmt"/>
      <line num="153" count="1" type="stmt"/>
      <line num="154" count="1" type="stmt"/>
      <line num="156" count="0" type="stmt"/>
      <line num="159" count="21" type="stmt"/>
      <line num="167" count="2" type="stmt"/>
      <line num="176" count="14" type="stmt"/>
      <line num="185" count="19" type="cond" truecount="1" falsecount="1"/>
      <line num="196" count="12" type="stmt"/>
      <line num="198" count="12" type="stmt"/>
      <line num="200" count="12" type="cond" truecount="2" falsecount="0"/>
      <line num="201" count="4" type="stmt"/>
      <line num="208" count="8" type="stmt"/>
      <line num="210" count="8" type="cond" truecount="2" falsecount="0"/>
      <line num="211" count="4" type="stmt"/>
      <line num="217" count="4" type="cond" truecount="1" falsecount="1"/>
      <line num="218" count="4" type="stmt"/>
      <line num="219" count="4" type="stmt"/>
      <line num="229" count="23" type="cond" truecount="2" falsecount="0"/>
      <line num="238" count="12" type="stmt"/>
      <line num="245" count="0" type="stmt"/>
      <line num="246" count="0" type="cond" truecount="0" falsecount="2"/>
      <line num="248" count="0" type="stmt"/>
      <line num="249" count="0" type="stmt"/>
      <line num="256" count="0" type="stmt"/>
      <line num="257" count="0" type="cond" truecount="0" falsecount="2"/>
      <line num="258" count="0" type="stmt"/>
      <line num="259" count="0" type="stmt"/>
      <line num="263" count="0" type="stmt"/>
      <line num="265" count="0" type="stmt"/>
      <line num="266" count="0" type="stmt"/>
      <line num="268" count="0" type="cond" truecount="0" falsecount="4"/>
      <line num="269" count="0" type="stmt"/>
      <line num="276" count="0" type="stmt"/>
      <line num="282" count="0" type="stmt"/>
      <line num="283" count="0" type="stmt"/>
    </file>
  </project>
</coverage>
