{"/Users/moreira/lab/binary-calculator/js/binary-calculator.js": {"path":"/Users/moreira/lab/binary-calculator/js/binary-calculator.js","statementMap":{"0":{"start":{"line":2,"column":23},"end":{"line":2,"column":68}},"1":{"start":{"line":5,"column":16},"end":{"line":5,"column":49}},"2":{"start":{"line":15,"column":4},"end":{"line":15,"column":11}},"3":{"start":{"line":21,"column":28},"end":{"line":32,"column":1}},"4":{"start":{"line":41,"column":2},"end":{"line":41,"column":28}},"5":{"start":{"line":43,"column":2},"end":{"line":43,"column":36}},"6":{"start":{"line":45,"column":2},"end":{"line":45,"column":41}},"7":{"start":{"line":48,"column":0},"end":{"line":48,"column":60}},"8":{"start":{"line":57,"column":2},"end":{"line":57,"column":28}},"9":{"start":{"line":59,"column":2},"end":{"line":59,"column":37}},"10":{"start":{"line":61,"column":2},"end":{"line":61,"column":41}},"11":{"start":{"line":64,"column":0},"end":{"line":64,"column":61}},"12":{"start":{"line":73,"column":2},"end":{"line":73,"column":28}},"13":{"start":{"line":75,"column":2},"end":{"line":75,"column":37}},"14":{"start":{"line":77,"column":2},"end":{"line":77,"column":41}},"15":{"start":{"line":80,"column":0},"end":{"line":80,"column":60}},"16":{"start":{"line":83,"column":0},"end":{"line":120,"column":1}},"17":{"start":{"line":84,"column":2},"end":{"line":119,"column":5}},"18":{"start":{"line":85,"column":4},"end":{"line":118,"column":5}},"19":{"start":{"line":87,"column":8},"end":{"line":87,"column":32}},"20":{"start":{"line":88,"column":8},"end":{"line":88,"column":14}},"21":{"start":{"line":91,"column":8},"end":{"line":95,"column":9}},"22":{"start":{"line":92,"column":10},"end":{"line":92,"column":51}},"23":{"start":{"line":94,"column":10},"end":{"line":94,"column":31}},"24":{"start":{"line":96,"column":8},"end":{"line":96,"column":14}},"25":{"start":{"line":102,"column":26},"end":{"line":102,"column":49}},"26":{"start":{"line":103,"column":8},"end":{"line":103,"column":42}},"27":{"start":{"line":104,"column":8},"end":{"line":104,"column":47}},"28":{"start":{"line":105,"column":8},"end":{"line":105,"column":14}},"29":{"start":{"line":111,"column":8},"end":{"line":115,"column":9}},"30":{"start":{"line":112,"column":10},"end":{"line":112,"column":60}},"31":{"start":{"line":114,"column":10},"end":{"line":114,"column":31}},"32":{"start":{"line":116,"column":8},"end":{"line":116,"column":14}},"33":{"start":{"line":132,"column":15},"end":{"line":132,"column":16}},"34":{"start":{"line":135,"column":2},"end":{"line":157,"column":3}},"35":{"start":{"line":137,"column":6},"end":{"line":137,"column":35}},"36":{"start":{"line":138,"column":6},"end":{"line":138,"column":12}},"37":{"start":{"line":140,"column":6},"end":{"line":140,"column":35}},"38":{"start":{"line":141,"column":6},"end":{"line":141,"column":12}},"39":{"start":{"line":143,"column":6},"end":{"line":143,"column":35}},"40":{"start":{"line":144,"column":6},"end":{"line":144,"column":12}},"41":{"start":{"line":146,"column":6},"end":{"line":152,"column":7}},"42":{"start":{"line":147,"column":8},"end":{"line":151,"column":11}},"43":{"start":{"line":153,"column":6},"end":{"line":153,"column":35}},"44":{"start":{"line":154,"column":6},"end":{"line":154,"column":12}},"45":{"start":{"line":156,"column":6},"end":{"line":156,"column":44}},"46":{"start":{"line":159,"column":2},"end":{"line":159,"column":16}},"47":{"start":{"line":167,"column":2},"end":{"line":167,"column":27}},"48":{"start":{"line":176,"column":2},"end":{"line":176,"column":29}},"49":{"start":{"line":185,"column":2},"end":{"line":185,"column":43}},"50":{"start":{"line":196,"column":20},"end":{"line":196,"column":43}},"51":{"start":{"line":198,"column":19},"end":{"line":198,"column":53}},"52":{"start":{"line":200,"column":2},"end":{"line":205,"column":3}},"53":{"start":{"line":201,"column":4},"end":{"line":204,"column":6}},"54":{"start":{"line":208,"column":20},"end":{"line":208,"column":40}},"55":{"start":{"line":210,"column":2},"end":{"line":215,"column":3}},"56":{"start":{"line":211,"column":4},"end":{"line":214,"column":7}},"57":{"start":{"line":217,"column":2},"end":{"line":220,"column":3}},"58":{"start":{"line":218,"column":4},"end":{"line":218,"column":32}},"59":{"start":{"line":219,"column":4},"end":{"line":219,"column":43}},"60":{"start":{"line":229,"column":2},"end":{"line":229,"column":46}},"61":{"start":{"line":238,"column":2},"end":{"line":238,"column":49}},"62":{"start":{"line":245,"column":20},"end":{"line":245,"column":43}},"63":{"start":{"line":246,"column":2},"end":{"line":246,"column":39}},"64":{"start":{"line":246,"column":32},"end":{"line":246,"column":39}},"65":{"start":{"line":248,"column":22},"end":{"line":248,"column":24}},"66":{"start":{"line":249,"column":23},"end":{"line":254,"column":3}},"67":{"start":{"line":256,"column":2},"end":{"line":261,"column":3}},"68":{"start":{"line":257,"column":4},"end":{"line":260,"column":5}},"69":{"start":{"line":258,"column":6},"end":{"line":258,"column":26}},"70":{"start":{"line":259,"column":6},"end":{"line":259,"column":12}},"71":{"start":{"line":263,"column":19},"end":{"line":263,"column":51}},"72":{"start":{"line":265,"column":21},"end":{"line":265,"column":32}},"73":{"start":{"line":266,"column":21},"end":{"line":266,"column":32}},"74":{"start":{"line":268,"column":2},"end":{"line":273,"column":3}},"75":{"start":{"line":269,"column":4},"end":{"line":272,"column":7}},"76":{"start":{"line":276,"column":17},"end":{"line":280,"column":3}},"77":{"start":{"line":282,"column":21},"end":{"line":282,"column":39}},"78":{"start":{"line":283,"column":2},"end":{"line":283,"column":40}}},"fnMap":{"0":{"name":"DivisionByZeroError","decl":{"start":{"line":39,"column":16},"end":{"line":39,"column":35}},"loc":{"start":{"line":39,"column":62},"end":{"line":46,"column":1}},"line":39},"1":{"name":"InvalidOperatorError","decl":{"start":{"line":55,"column":16},"end":{"line":55,"column":36}},"loc":{"start":{"line":55,"column":63},"end":{"line":62,"column":1}},"line":55},"2":{"name":"InvalidOperandError","decl":{"start":{"line":71,"column":16},"end":{"line":71,"column":35}},"loc":{"start":{"line":71,"column":62},"end":{"line":78,"column":1}},"line":71},"3":{"name":"(anonymous_3)","decl":{"start":{"line":84,"column":35},"end":{"line":84,"column":36}},"loc":{"start":{"line":84,"column":41},"end":{"line":119,"column":3}},"line":84},"4":{"name":"calculate","decl":{"start":{"line":130,"column":16},"end":{"line":130,"column":25}},"loc":{"start":{"line":130,"column":56},"end":{"line":160,"column":1}},"line":130},"5":{"name":"cleanUpDisplay","decl":{"start":{"line":166,"column":16},"end":{"line":166,"column":30}},"loc":{"start":{"line":166,"column":40},"end":{"line":168,"column":1}},"line":166},"6":{"name":"addTextToDisplay","decl":{"start":{"line":175,"column":16},"end":{"line":175,"column":32}},"loc":{"start":{"line":175,"column":48},"end":{"line":177,"column":1}},"line":175},"7":{"name":"getDisplayText","decl":{"start":{"line":184,"column":16},"end":{"line":184,"column":30}},"loc":{"start":{"line":184,"column":40},"end":{"line":186,"column":1}},"line":184},"8":{"name":"addOperatorToDisplay","decl":{"start":{"line":194,"column":16},"end":{"line":194,"column":36}},"loc":{"start":{"line":194,"column":60},"end":{"line":221,"column":1}},"line":194},"9":{"name":"getLastCharFromString","decl":{"start":{"line":228,"column":16},"end":{"line":228,"column":37}},"loc":{"start":{"line":228,"column":43},"end":{"line":230,"column":1}},"line":228},"10":{"name":"isOperandValid","decl":{"start":{"line":237,"column":16},"end":{"line":237,"column":30}},"loc":{"start":{"line":237,"column":44},"end":{"line":239,"column":1}},"line":237},"11":{"name":"validateOperandsCalculateAndShowResult","decl":{"start":{"line":244,"column":16},"end":{"line":244,"column":54}},"loc":{"start":{"line":244,"column":57},"end":{"line":284,"column":1}},"line":244}},"branchMap":{"0":{"loc":{"start":{"line":85,"column":4},"end":{"line":118,"column":5}},"type":"switch","locations":[{"start":{"line":86,"column":6},"end":{"line":88,"column":14}},{"start":{"line":90,"column":6},"end":{"line":97,"column":7}},{"start":{"line":99,"column":6},"end":{"line":99,"column":19}},{"start":{"line":100,"column":6},"end":{"line":106,"column":7}},{"start":{"line":107,"column":6},"end":{"line":107,"column":18}},{"start":{"line":108,"column":6},"end":{"line":108,"column":23}},{"start":{"line":109,"column":6},"end":{"line":109,"column":23}},{"start":{"line":110,"column":6},"end":{"line":116,"column":14}},{"start":{"line":117,"column":6},"end":{"line":117,"column":14}}],"line":85},"1":{"loc":{"start":{"line":135,"column":2},"end":{"line":157,"column":3}},"type":"switch","locations":[{"start":{"line":136,"column":4},"end":{"line":138,"column":12}},{"start":{"line":139,"column":4},"end":{"line":141,"column":12}},{"start":{"line":142,"column":4},"end":{"line":144,"column":12}},{"start":{"line":145,"column":4},"end":{"line":154,"column":12}},{"start":{"line":155,"column":4},"end":{"line":156,"column":44}}],"line":135},"2":{"loc":{"start":{"line":146,"column":6},"end":{"line":152,"column":7}},"type":"if","locations":[{"start":{"line":146,"column":6},"end":{"line":152,"column":7}},{"start":{},"end":{}}],"line":146},"3":{"loc":{"start":{"line":185,"column":9},"end":{"line":185,"column":42}},"type":"binary-expr","locations":[{"start":{"line":185,"column":9},"end":{"line":185,"column":36}},{"start":{"line":185,"column":40},"end":{"line":185,"column":42}}],"line":185},"4":{"loc":{"start":{"line":200,"column":2},"end":{"line":205,"column":3}},"type":"if","locations":[{"start":{"line":200,"column":2},"end":{"line":205,"column":3}},{"start":{},"end":{}}],"line":200},"5":{"loc":{"start":{"line":210,"column":2},"end":{"line":215,"column":3}},"type":"if","locations":[{"start":{"line":210,"column":2},"end":{"line":215,"column":3}},{"start":{},"end":{}}],"line":210},"6":{"loc":{"start":{"line":217,"column":2},"end":{"line":220,"column":3}},"type":"if","locations":[{"start":{"line":217,"column":2},"end":{"line":220,"column":3}},{"start":{},"end":{}}],"line":217},"7":{"loc":{"start":{"line":229,"column":9},"end":{"line":229,"column":45}},"type":"binary-expr","locations":[{"start":{"line":229,"column":9},"end":{"line":229,"column":39}},{"start":{"line":229,"column":43},"end":{"line":229,"column":45}}],"line":229},"8":{"loc":{"start":{"line":246,"column":2},"end":{"line":246,"column":39}},"type":"if","locations":[{"start":{"line":246,"column":2},"end":{"line":246,"column":39}},{"start":{},"end":{}}],"line":246},"9":{"loc":{"start":{"line":257,"column":4},"end":{"line":260,"column":5}},"type":"if","locations":[{"start":{"line":257,"column":4},"end":{"line":260,"column":5}},{"start":{},"end":{}}],"line":257},"10":{"loc":{"start":{"line":268,"column":2},"end":{"line":273,"column":3}},"type":"if","locations":[{"start":{"line":268,"column":2},"end":{"line":273,"column":3}},{"start":{},"end":{}}],"line":268},"11":{"loc":{"start":{"line":268,"column":6},"end":{"line":268,"column":64}},"type":"binary-expr","locations":[{"start":{"line":268,"column":6},"end":{"line":268,"column":33}},{"start":{"line":268,"column":37},"end":{"line":268,"column":64}}],"line":268}},"s":{"0":4,"1":4,"2":4,"3":4,"4":2,"5":2,"6":2,"7":4,"8":4,"9":4,"10":4,"11":4,"12":4,"13":4,"14":4,"15":4,"16":4,"17":0,"18":0,"19":0,"20":0,"21":0,"22":0,"23":0,"24":0,"25":0,"26":0,"27":0,"28":0,"29":0,"30":0,"31":0,"32":0,"33":23,"34":23,"35":3,"36":3,"37":1,"38":1,"39":16,"40":16,"41":3,"42":2,"43":1,"44":1,"45":0,"46":21,"47":2,"48":14,"49":19,"50":12,"51":12,"52":12,"53":4,"54":8,"55":8,"56":4,"57":4,"58":4,"59":4,"60":23,"61":12,"62":0,"63":0,"64":0,"65":0,"66":0,"67":0,"68":0,"69":0,"70":0,"71":0,"72":0,"73":0,"74":0,"75":0,"76":0,"77":0,"78":0},"f":{"0":2,"1":4,"2":4,"3":0,"4":23,"5":2,"6":14,"7":19,"8":12,"9":23,"10":12,"11":0},"b":{"0":[0,0,0,0,0,0,0,0,0],"1":[3,1,16,3,0],"2":[2,1],"3":[19,0],"4":[4,8],"5":[4,4],"6":[4,0],"7":[23,7],"8":[0,0],"9":[0,0],"10":[0,0],"11":[0,0]},"_coverageSchema":"1a1c01bbd47fc00a2c39e90264f33305004495a9","hash":"9c46ec4f8080c3617a95b1499d0250a3b91593dc"}
}
