TN:
SF:js/binary-calculator.js
FN:39,DivisionByZeroError
FN:55,InvalidOperatorError
FN:71,InvalidOperandError
FN:84,(anonymous_3)
FN:130,calculate
FN:166,cleanUpDisplay
FN:175,addTextToDisplay
FN:184,getDisplayText
FN:194,addOperatorToDisplay
FN:228,getLastCharFromString
FN:237,isOperandValid
FN:244,validateOperandsCalculateAndShowResult
FNF:12
FNH:10
FNDA:2,DivisionByZeroError
FNDA:4,InvalidOperatorError
FNDA:4,InvalidOperandError
FNDA:0,(anonymous_3)
FNDA:23,calculate
FNDA:2,cleanUpDisplay
FNDA:14,addTextToDisplay
FNDA:19,getDisplayText
FNDA:12,addOperatorToDisplay
FNDA:23,getLastCharFromString
FNDA:12,isOperandValid
FNDA:0,validateOperandsCalculateAndShowResult
DA:2,4
DA:5,4
DA:15,4
DA:21,4
DA:41,2
DA:43,2
DA:45,2
DA:48,4
DA:57,4
DA:59,4
DA:61,4
DA:64,4
DA:73,4
DA:75,4
DA:77,4
DA:80,4
DA:83,4
DA:84,0
DA:85,0
DA:87,0
DA:88,0
DA:91,0
DA:92,0
DA:94,0
DA:96,0
DA:102,0
DA:103,0
DA:104,0
DA:105,0
DA:111,0
DA:112,0
DA:114,0
DA:116,0
DA:132,23
DA:135,23
DA:137,3
DA:138,3
DA:140,1
DA:141,1
DA:143,16
DA:144,16
DA:146,3
DA:147,2
DA:153,1
DA:154,1
DA:156,0
DA:159,21
DA:167,2
DA:176,14
DA:185,19
DA:196,12
DA:198,12
DA:200,12
DA:201,4
DA:208,8
DA:210,8
DA:211,4
DA:217,4
DA:218,4
DA:219,4
DA:229,23
DA:238,12
DA:245,0
DA:246,0
DA:248,0
DA:249,0
DA:256,0
DA:257,0
DA:258,0
DA:259,0
DA:263,0
DA:265,0
DA:266,0
DA:268,0
DA:269,0
DA:276,0
DA:282,0
DA:283,0
LF:78
LH:45
BRDA:85,0,0,0
BRDA:85,0,1,0
BRDA:85,0,2,0
BRDA:85,0,3,0
BRDA:85,0,4,0
BRDA:85,0,5,0
BRDA:85,0,6,0
BRDA:85,0,7,0
BRDA:85,0,8,0
BRDA:135,1,0,3
BRDA:135,1,1,1
BRDA:135,1,2,16
BRDA:135,1,3,3
BRDA:135,1,4,0
BRDA:146,2,0,2
BRDA:146,2,1,1
BRDA:185,3,0,19
BRDA:185,3,1,0
BRDA:200,4,0,4
BRDA:200,4,1,8
BRDA:210,5,0,4
BRDA:210,5,1,4
BRDA:217,6,0,4
BRDA:217,6,1,0
BRDA:229,7,0,23
BRDA:229,7,1,7
BRDA:246,8,0,0
BRDA:246,8,1,0
BRDA:257,9,0,0
BRDA:257,9,1,0
BRDA:268,10,0,0
BRDA:268,10,1,0
BRDA:268,11,0,0
BRDA:268,11,1,0
BRF:34
BRH:14
end_of_record
